<?xml version="1.0" encoding="utf-8"?><testsuites name="pytest tests"><testsuite name="pytest" errors="0" failures="1" skipped="0" tests="20" time="5.410" timestamp="2026-08-11T15:24:03.602506+00:00" hostname="agent-env-d1e31e70-b1c3-42ee-a026-7bd5999fc367"><testcase classname="tests.backend_test.TestAuth" name="test_admin_login_sets_cookie" time="0.761" /><testcase classname="tests.backend_test.TestTrucksAndPhotos" name="test_full_truck_flow" time="3.028" /><testcase classname="tests.backend_test.TestAuth" name="test_operator_login" time="0.506" /><testcase classname="tests.backend_test.TestAuth" name="test_me_with_bearer" time="0.454" /><testcase classname="tests.backend_test.TestAuth" name="test_me_no_auth" time="0.341" /><testcase classname="tests.backend_test.TestAuth" name="test_invalid_login" time="0.344" /><testcase classname="tests.backend_test.TestUsers" name="test_operator_cannot_create_user" time="0.260" /><testcase classname="tests.backend_test.TestUsers" name="test_admin_creates_operator" time="0.355"><failure message="assert 500 == 200&#10; +  where 500 = &lt;Response [500]&gt;.status_code">backend/tests/backend_test.py:269: in test_admin_creates_operator
    assert r.status_code == 200
E   assert 500 == 200
E    +  where 500 = &lt;Response [500]&gt;.status_code</failure></testcase><testcase classname="tests.backend_test.TestTrucksAndPhotos" name="test_photo_download" time="0.912" /><testcase classname="tests.backend_test.TestUsers" name="test_admin_cannot_delete_self" time="0.251" /><testcase classname="tests.backend_test.TestUsers" name="test_cleanup_created_user" time="0.000" /><testcase classname="tests.backend_test.TestQueue" name="test_list_queue_has_seed" time="0.119" /><testcase classname="tests.backend_test.TestQueue" name="test_lookup_queue" time="0.524" /><testcase classname="tests.backend_test.TestTrucksAndPhotos" name="test_operator_cannot_delete_admin_photo" time="0.231" /><testcase classname="tests.backend_test.TestQueue" name="test_create_queue" time="0.123" /><testcase classname="tests.backend_test.TestDashboard" name="test_summary" time="0.157" /><testcase classname="tests.backend_test.TestTrucksAndPhotos" name="test_filter_trucks" time="0.104" /><testcase classname="tests.backend_test.TestTrucksAndPhotos" name="test_ready_to_destroy_empty" time="0.117" /><testcase classname="tests.backend_test.TestTrucksAndPhotos" name="test_operator_cannot_delete_truck" time="0.121" /><testcase classname="tests.backend_test.TestTrucksAndPhotos" name="test_admin_can_delete_truck" time="0.323" /></testsuite></testsuites>